PROF NODALL 0 a.out 1458661002 0
h tesla 4678 0 1
I 6 GenuineIntel penryn-64 linux86-64 8 8 3191.86
t 1 24
p 0
f 3d.cc
r UnProject__FdT112CameraParamsPd 23 29 480000 0.155665 0.108391 0 0
l 30 0 480000 0.026998 0.026998 7 0
l 35 0 480000 0.0844369 0.0371632 2 0
l 46 0 480000 0.0184007 0.0184007 5 0
l 51 0 480000 0.0258292 0.0258292 8 0
r LoadIdentity__FPd 21 54 3 4.34606e-05 4.34606e-05 0 0
l 55 0 3 2.9876e-05 2.9876e-05 2 0
l 74 0 3 1.35846e-05 1.35846e-05 3 0
r Perspective__FdN31Pd 10 77 1 0.0001053 5.94913e-05 0 0
l 78 0 1 2.88133e-05 2.88133e-05 5 0
l 81 0 1 6.40479e-05 1.82389e-05 2 0
l 86 0 1 1.24391e-05 1.24391e-05 4 0
r Frustum__FdN51Pd 24 88 1 4.5809e-05 4.5809e-05 0 0
l 91 0 1 3.07382e-05 3.07382e-05 2 0
l 111 0 1 1.50708e-05 1.50708e-05 3 0
r LookAt__FPdN31 40 113 1 0.000269784 5.98798e-05 0 0
l 114 0 1 2.72368e-05 2.72368e-05 9 0
l 118 0 1 0.000227381 1.7477e-05 2 0
l 152 0 1 1.51661e-05 1.51661e-05 10 0
r NormalizeVector__FPd 7 155 2 4.14404e-05 4.14404e-05 0 0
l 157 0 2 2.88208e-05 2.88208e-05 2 0
l 161 0 2 1.26196e-05 1.26196e-05 3 0
r ComputeNormalOfPlane__FPdN21 6 163 2 4.70597e-05 4.70597e-05 0 0
l 165 0 2 2.80037e-05 2.80037e-05 2 0
l 168 0 2 1.9056e-05 1.9056e-05 3 0
r MultiplyMatrices__FPdPCdT2 67 170 3 4.79194e-05 4.79194e-05 0 0
l 172 0 3 3.60417e-05 3.60417e-05 2 0
l 236 0 3 1.18777e-05 1.18777e-05 3 0
r MultiplyMatrixByVector__FPdN21 7 238 480000 0.0472737 0.0472737 0 0
l 240 0 480000 0.0330411 0.0330411 2 0
l 244 0 480000 0.0142326 0.0142326 3 0
r InvertMatrix__FPdT1 149 249 1 0.000401489 0.000401489 0 0
l 249 0 1 2.73922e-05 2.73922e-05 40 0
l 253 0 1 1.54894e-05 1.54894e-05 2 0
l 269 0 1 1.36046e-05 1.36046e-05 4 0
l 270 0 1 1.41084e-05 1.41084e-05 5 0
l 271 0 1 1.33389e-05 1.33389e-05 6 0
l 272 0 1 1.38628e-05 1.38628e-05 7 0
l 273 0 1 1.31936e-05 1.31936e-05 8 0
l 276 0 1 1.50433e-05 1.50433e-05 10 0
l 297 0 1 1.51836e-05 1.51836e-05 12 0
l 303 0 1 1.24617e-05 1.24617e-05 14 0
l 305 0 1 1.56749e-05 1.56749e-05 15 0
l 309 0 1 1.17724e-05 1.17724e-05 16 0
l 316 0 1 1.74594e-05 1.74594e-05 18 0
l 318 0 1 1.38001e-05 1.38001e-05 20 0
l 319 0 1 1.35495e-05 1.35495e-05 21 0
l 320 0 1 1.41986e-05 1.41986e-05 22 0
l 323 0 1 1.35394e-05 1.35394e-05 24 0
l 334 0 1 1.04691e-05 1.04691e-05 26 0
l 336 0 1 1.8269e-05 1.8269e-05 27 0
l 339 0 1 1.12637e-05 1.12637e-05 28 0
l 341 0 1 1.44668e-05 1.44668e-05 29 0
l 344 0 1 1.17349e-05 1.17349e-05 30 0
l 350 0 1 1.26497e-05 1.26497e-05 32 0
l 352 0 1 1.27224e-05 1.27224e-05 34 0
l 355 0 1 1.69556e-05 1.69556e-05 36 0
l 361 0 1 1.16822e-05 1.16822e-05 38 0
l 397 0 1 2.76027e-05 2.76027e-05 41 0
r Translate__FPddN22 11 399 1 7.39832e-05 7.34569e-05 0 0
l 399 0 1 4.38967e-05 4.38967e-05 5 0
l 402 0 1 1.72765e-05 1.67501e-05 2 0
l 409 0 1 1.28101e-05 1.28101e-05 6 0
f distance_est.cc
r DE__FRC4vec3 6 33 17821957 22.4384 2.62605 0 0
l 34 0 17821957 1.04102 1.04102 5 0
l 35 0 17821957 20.9402 1.12786 2 0
l 38 0 17821957 0.457171 0.457171 4 0
f getcolor.cc
r lighting__FRC4vec3N31R4vec3 51 38 233814 0.0438475 0.0438475 0 0
l 39 0 233814 0.0141327 0.0141327 7 0
l 40 0 233814 0.00858345 0.00858345 2 0
l 88 0 112724 0.0211314 0.0211314 4 0
r getColour__FRC9pixelDataRC12RenderParamsRC4vec3T3 41 50 480000 0.166532 0.122684 0 0
l 52 0 480000 0.0285638 0.0285638 32 0
l 54 0 480000 0.0147932 0.0147932 2 0
l 59 0 233814 0.058095 0.0142475 3 0
l 62 0 233814 0.0161866 0.0161866 4 0
l 80 0 233814 0.00682954 0.00682954 33 0
l 87 0 246186 0.00733383 0.00733383 35 0
l 89 0 246186 0.0221142 0.0221142 30 0
l 90 0 480000 0.0126154 0.0126154 37 0
f getparams.c
r getParameters__FPcP12CameraParamsP12RenderParamsP15MandelBoxParams 88 32 1 0.00134965 0.00134965 0 0
l 33 0 1 3.38085e-05 3.38085e-05 38 0
l 38 0 1 0.000921487 0.000921487 2 0
l 50 0 1 6.25617e-05 6.25617e-05 6 0
l 52 0 27 1.65747e-05 1.65747e-05 10 0
l 62 0 11 1.48954e-05 1.48954e-05 11 0
l 67 0 1 3.88614e-05 3.88614e-05 12 0
l 72 0 1 1.56924e-05 1.56924e-05 14 0
l 77 0 1 1.90184e-05 1.90184e-05 16 0
l 82 0 1 1.29229e-05 1.29229e-05 18 0
l 88 0 1 1.79131e-05 1.79131e-05 20 0
l 92 0 1 1.87778e-05 1.87778e-05 22 0
l 97 0 1 1.64243e-05 1.64243e-05 24 0
l 101 0 1 1.59506e-05 1.59506e-05 26 0
l 106 0 1 1.47425e-05 1.47425e-05 28 0
l 109 0 1 1.32287e-05 1.32287e-05 30 0
l 113 0 1 1.60884e-05 1.60884e-05 32 0
l 116 1 11 1.52939e-05 1.52939e-05 35 0
l 117 0 27 2.652e-05 2.652e-05 36 0
l 118 0 1 4.42175e-05 4.42175e-05 37 0
l 119 0 1 1.46723e-05 1.46723e-05 39 0
f init3D.c
r init3D__FP12CameraParamsPC12RenderParams 24 26 1 0.000876683 5.66767e-05 0 0
l 27 0 1 2.82318e-05 2.82318e-05 8 0
l 29 0 1 0.000832713 1.27073e-05 2 0
l 49 0 1 1.57375e-05 1.57375e-05 9 0
f main.cc
r main 20 35 1 25.4289 0.000218571 0 0
l 36 0 1 5.02303e-05 5.02303e-05 10 0
l 40 0 1 25.4288 0.000159862 4 0
l 54 0 1 8.47907e-06 8.47907e-06 11 0
f mandelbulb_dist_est.cc
r MandelBulbDistanceEstimator__FRC4vec3RC15MandelBoxParams 36 31 17821957 19.8124 19.8124 0 0
l 32 0 17821957 1.02391 1.02391 23 0
l 34 0 17821957 1.08542 1.08542 9 0
l 42 0 60447602 2.42753 2.42753 4 0
l 47 0 42625729 13.6062 13.6062 5 0
l 62 0 84 1.52037e-05 1.52037e-05 6 0
l 64 0 17821957 1.15596 1.15596 25 0
l 66 0 17821957 0.513325 0.513325 8 0
f print.c
r printProgress__FdT1 18 25 800 0.0492533 0.0492533 0 0
l 26 0 800 8.38433e-05 8.38433e-05 5 0
l 29 0 800 0.00399892 0.00399892 2 0
l 31 0 800 4.33177e-05 4.33177e-05 7 0
l 41 0 54322 0.0450447 0.0450447 8 0
l 42 0 800 8.24999e-05 8.24999e-05 4 0
f raymarching.cc
r rayMarch__FRC12RenderParamsRC4vec3T2dR9pixelData 48 32 480000 24.7412 2.21086 0 0
l 34 0 480000 0.0277216 0.0277216 9 0
l 35 0 480000 0.013814 0.013814 2 0
l 46 0 16419073 20.8127 1.15236 3 0
l 57 0 16185259 0.966954 0.966954 5 0
l 64 0 233814 2.88699 0.0169742 8 0
l 79 0 246186 0.0330341 0.0330341 10 0
r normal__FRC4vec3R4vec3 31 84 233814 2.87002 0.0918789 0 0
l 85 0 233814 0.0139131 0.0139131 11 0
l 87 0 233814 2.83439 0.0562517 2 0
l 114 0 233814 0.021714 0.021714 12 0
f renderer.cc
r renderFractal__FRC12CameraParamsRC12RenderParamsPUc 60 39 1 25.3813 0.268022 0 0
l 41 0 1 2.92945e-05 2.92945e-05 9 0
l 45 0 1 0.132523 0.13247 2 0
l 61 0 800 0.00183708 0.00183708 11 0
l 63 0 480000 0.204151 0.0484859 13 0
l 66 0 480000 0.0324217 0.0324217 14 0
l 67 0 800 3.41744e-05 3.41744e-05 16 0
l 68 0 1 2.75676e-05 2.75676e-05 17 0
l 70 0 800 8.15023e-05 8.15023e-05 19 0
l 73 0 480000 24.9602 0.0524582 21 0
l 94 0 800 0.0500226 0.000119747 23 0
l 96 0 1 4.41072e-05 4.41072e-05 26 0
l 98 0 1 1.31585e-05 1.31585e-05 28 0
f savebmp.c
r saveBMP__FPCcPCUciT3 47 26 1 0.0450734 0.0450734 0 0
l 26 0 1 2.29233e-05 2.29233e-05 36 0
l 29 0 1 0.00500954 0.00500954 2 0
l 56 1 1 2.24847e-05 2.24847e-05 8 0
l 59 0 800 7.274e-05 7.274e-05 10 0
l 61 0 800 0.00364702 0.00364702 31 0
l 69 0 1 0.0362875 0.0362875 16 0
l 72 0 1 1.12135e-05 1.12135e-05 18 0
f timing.c
r getTime__Fv 11 29 801 0.000702359 0.000702359 0 0
l 29 0 801 7.88456e-05 7.88456e-05 5 0
l 34 0 801 0.000592628 0.000592628 2 0
l 39 0 801 3.08861e-05 3.08861e-05 4 0
z
